<?xml version="1.0" encoding="UTF-8"?>
<!-- Generated by org.testng.reporters.JUnitReportReporter -->
<testsuite hostname="pnt123" name="amazon.Retail" tests="1" failures="0" timestamp="23 Aug 2015 16:26:32 GMT" time="20.923" errors="0">
  <testcase name="home" time="20.923" classname="amazon.Retail"/>
</testsuite> <!-- amazon.Retail -->
