<?xml version="1.0" encoding="UTF-8"?>
<!-- Generated by org.testng.reporters.JUnitReportReporter -->
<testsuite hostname="pnt123" name="home.HomePage" tests="1" failures="0" timestamp="23 Aug 2015 16:06:17 GMT" time="18.952" errors="0">
  <testcase name="navigateTabs" time="18.952" classname="home.HomePage"/>
</testsuite> <!-- home.HomePage -->
