<?xml version="1.0" encoding="UTF-8"?>
<!-- Generated by org.testng.reporters.JUnitReportReporter -->
<testsuite hostname="pnt123" name="home.HomePage" tests="1" failures="0" timestamp="23 Aug 2015 14:40:45 GMT" time="20.490" errors="0">
  <testcase name="navigateTabs" time="20.490" classname="home.HomePage"/>
</testsuite> <!-- home.HomePage -->
